[2025/02/12 20:18:15]: §9          __             _       
[2025/02/12 20:18:15]: §9  _ __   / /  ___   __ _(_)_ __  
[2025/02/12 20:18:15]: §9 | '_ \ / /  / _ \ / _` | | '_ \ 
[2025/02/12 20:18:15]: §9 | | | / /__| (_) | (_| | | | | |
[2025/02/12 20:18:15]: §9 |_| |_\____/\___/ \__, |_|_| |_|
[2025/02/12 20:18:15]: §9                  |___/            
[2025/02/12 20:18:15]: §9 By: www.nickuc.com - V 10.4.21
[2025/02/12 20:18:15]: §9 
[2025/02/12 20:18:15]: §3[nLogin] [DEBUG] All settings were loaded in 72 ms.
[2025/02/12 20:18:15]: §3[nLogin] [DEBUG] Loading the messages_es.yml message file...
[2025/02/12 20:18:15]: §3[nLogin] [DEBUG] All plugin messages were loaded in 41 ms (languageByClient=false).
[2025/02/12 20:18:15]: §3[nLogin] [DEBUG] All proxy settings were loaded in 1 ms.
[2025/02/12 20:18:15]: §3[nLogin] [DEBUG] Loading database...
[2025/02/12 20:18:15]: §3[nLogin] [DEBUG] Starting logger filter...
[2025/02/12 20:51:55]: §3[nLogin] [DEBUG] [SQLite] [UPDATE]: "UPDATE `nlogin` SET `last_name` = 'Prototypexyzx', `unique_id` = aef9bafcd4de38b687650e1ea63fe1f7,  `mojang_id` = null,  `bedrock_id` = null,  `password` = '$2a$10$n923iDz3ezEbkszd2WLRw.tlZSBMsgAESyDjFpSP/YSDXpBwO7AWC', `last_ip` = '127.254.144.27', `creation_date` = 2025-02-06 22:34:03.413, `last_seen` = 2025-02-12 20:51:55.501, `email` = null, `discord` = null, `settings` = '{"settings":[{"value":"es","key":"language"}],"version":0}' WHERE `ai` = 2" (applied to [last_ip, last_seen, settings] columns)
[2025/02/12 20:51:55]: [nLogin] The user Prototypexyzx has successfully logged in.
[2025/02/12 20:52:34]: §3[nLogin] [DEBUG] [SQLite] [UPDATE]: "UPDATE `nlogin` SET `last_name` = 'Prototypexyzx', `unique_id` = aef9bafcd4de38b687650e1ea63fe1f7,  `mojang_id` = null,  `bedrock_id` = null,  `password` = '$2a$10$n923iDz3ezEbkszd2WLRw.tlZSBMsgAESyDjFpSP/YSDXpBwO7AWC', `last_ip` = '127.254.144.27', `creation_date` = 2025-02-06 22:34:03.413, `last_seen` = 2025-02-12 20:52:34.6, `email` = null, `discord` = null, `settings` = '{"settings":[{"value":"es","key":"language"}],"version":0}' WHERE `ai` = 2" (applied to [last_seen, settings] columns)
[2025/02/12 20:53:35]: §3[nLogin] [DEBUG] Forcing Prototypexyzx login...
[2025/02/12 20:53:35]: §3[nLogin] [DEBUG] The Prototypexyzx player had his account authenticated by CONSOLE.
[2025/02/12 20:53:35]: §3[nLogin] [DEBUG] [SQLite] [UPDATE]: "UPDATE `nlogin` SET `last_name` = 'Prototypexyzx', `unique_id` = aef9bafcd4de38b687650e1ea63fe1f7,  `mojang_id` = null,  `bedrock_id` = null,  `password` = '$2a$10$n923iDz3ezEbkszd2WLRw.tlZSBMsgAESyDjFpSP/YSDXpBwO7AWC', `last_ip` = '127.254.144.27', `creation_date` = 2025-02-06 22:34:03.413, `last_seen` = 2025-02-12 20:53:35.304, `email` = null, `discord` = null, `settings` = '{"settings":[{"value":"es","key":"language"}],"version":0}' WHERE `ai` = 2" (applied to [last_ip, last_seen, settings] columns)
[2025/02/12 20:53:35]: [nLogin] The user Prototypexyzx has successfully logged in.
