[2025/02/06 18:48:05]: §9          __             _       
[2025/02/06 18:48:05]: §9  _ __   / /  ___   __ _(_)_ __  
[2025/02/06 18:48:05]: §9 | '_ \ / /  / _ \ / _` | | '_ \ 
[2025/02/06 18:48:05]: §9 | | | / /__| (_) | (_| | | | | |
[2025/02/06 18:48:05]: §9 |_| |_\____/\___/ \__, |_|_| |_|
[2025/02/06 18:48:05]: §9                  |___/            
[2025/02/06 18:48:05]: §9 By: www.nickuc.com - V 10.4.21
[2025/02/06 18:48:05]: §9 
[2025/02/06 18:48:05]: §3[nLogin] [DEBUG] All settings were loaded in 97 ms.
[2025/02/06 18:48:05]: §3[nLogin] [DEBUG] Loading the messages_es.yml message file...
[2025/02/06 18:48:05]: §3[nLogin] [DEBUG] All plugin messages were loaded in 54 ms (languageByClient=false).
[2025/02/06 18:48:05]: §3[nLogin] [DEBUG] All proxy settings were loaded in 1 ms.
[2025/02/06 18:48:05]: §3[nLogin] [DEBUG] Loading database...
[2025/02/06 18:48:06]: §3[nLogin] [DEBUG] Starting logger filter...
[2025/02/06 18:49:51]: §3[nLogin] [DEBUG] [SQLite] [UPDATE]: "UPDATE `nlogin` SET `last_name` = 'owellandry', `unique_id` = ded01df0e363337583fb0e1074f5ac4f,  `mojang_id` = null,  `bedrock_id` = null,  `password` = '$2a$10$lsfMqlyFw8PlQVjCENiYOOam1sbBPNTezPlyryOSYn0/1ilpP3wHW', `last_ip` = '127.76.248.177', `creation_date` = 2025-02-06 08:07:29.206, `last_seen` = 2025-02-06 18:49:51.71, `email` = null, `discord` = null, `settings` = '{"settings":[{"value":"es","key":"language"}],"version":0}' WHERE `ai` = 1" (applied to [last_ip, last_seen, settings] columns)
[2025/02/06 18:49:51]: [nLogin] The user owellandry has successfully logged in.
[2025/02/06 18:52:23]: §3[nLogin] [DEBUG] [SQLite] [UPDATE]: "UPDATE `nlogin` SET `last_name` = 'Prototypexyzx', `unique_id` = aef9bafcd4de38b687650e1ea63fe1f7,  `mojang_id` = null,  `bedrock_id` = null,  `password` = '$2a$10$ZzRbWI/1SkCwTn3LtGHInu0gc1BLUyILMpcBoDDCfWO5WSvPg2eOW', `last_ip` = '127.147.107.109', `creation_date` = 2025-02-06 18:35:04.447, `last_seen` = 2025-02-06 18:52:23.04, `email` = null, `discord` = null, `settings` = null WHERE `ai` = 2" (applied to [last_ip, last_seen, settings] columns)
[2025/02/06 18:52:23]: [nLogin] The user Prototypexyzx has successfully logged in.
[2025/02/06 19:16:34]: §3[nLogin] [DEBUG] [SQLite] [UPDATE]: "UPDATE `nlogin` SET `last_name` = 'owellandry', `unique_id` = ded01df0e363337583fb0e1074f5ac4f,  `mojang_id` = null,  `bedrock_id` = null,  `password` = '$2a$10$lsfMqlyFw8PlQVjCENiYOOam1sbBPNTezPlyryOSYn0/1ilpP3wHW', `last_ip` = '127.76.248.177', `creation_date` = 2025-02-06 08:07:29.206, `last_seen` = 2025-02-06 19:16:34.375, `email` = null, `discord` = null, `settings` = '{"settings":[{"value":"es","key":"language"}],"version":0}' WHERE `ai` = 1" (applied to [last_seen, settings] columns)
[2025/02/06 19:16:34]: §3[nLogin] [DEBUG] [SQLite] [UPDATE]: "UPDATE `nlogin` SET `last_name` = 'Prototypexyzx', `unique_id` = aef9bafcd4de38b687650e1ea63fe1f7,  `mojang_id` = null,  `bedrock_id` = null,  `password` = '$2a$10$ZzRbWI/1SkCwTn3LtGHInu0gc1BLUyILMpcBoDDCfWO5WSvPg2eOW', `last_ip` = '127.147.107.109', `creation_date` = 2025-02-06 18:35:04.447, `last_seen` = 2025-02-06 19:16:34.389, `email` = null, `discord` = null, `settings` = '{"settings":[{"value":"es","key":"language"}],"version":0}' WHERE `ai` = 2" (applied to [last_seen, settings] columns)
[2025/02/06 19:19:45]: [nLogin] Successful plugin core shutdown (took 0.00s)
