[2025/02/07 18:47:40]: §9          __             _       
[2025/02/07 18:47:40]: §9  _ __   / /  ___   __ _(_)_ __  
[2025/02/07 18:47:40]: §9 | '_ \ / /  / _ \ / _` | | '_ \ 
[2025/02/07 18:47:40]: §9 | | | / /__| (_) | (_| | | | | |
[2025/02/07 18:47:40]: §9 |_| |_\____/\___/ \__, |_|_| |_|
[2025/02/07 18:47:40]: §9                  |___/            
[2025/02/07 18:47:40]: §9 By: www.nickuc.com - V 10.4.21
[2025/02/07 18:47:40]: §9 
[2025/02/07 18:47:40]: §3[nLogin] [DEBUG] All settings were loaded in 94 ms.
[2025/02/07 18:47:40]: §3[nLogin] [DEBUG] Loading the messages_es.yml message file...
[2025/02/07 18:47:40]: §3[nLogin] [DEBUG] All plugin messages were loaded in 47 ms (languageByClient=false).
[2025/02/07 18:47:40]: §3[nLogin] [DEBUG] All proxy settings were loaded in 1 ms.
[2025/02/07 18:47:40]: §3[nLogin] [DEBUG] Loading database...
[2025/02/07 18:47:41]: §3[nLogin] [DEBUG] Starting logger filter...
[2025/02/07 18:49:19]: §3[nLogin] [DEBUG] The Prototypexyzx (127.17.172.232) player entered an incorrect password
[2025/02/07 18:50:08]: §3[nLogin] [DEBUG] Forcing Prototypexyzx login...
[2025/02/07 18:50:08]: §3[nLogin] [DEBUG] The Prototypexyzx player had his account authenticated by CONSOLE.
[2025/02/07 18:50:08]: §3[nLogin] [DEBUG] [SQLite] [UPDATE]: "UPDATE `nlogin` SET `last_name` = 'Prototypexyzx', `unique_id` = aef9bafcd4de38b687650e1ea63fe1f7,  `mojang_id` = null,  `bedrock_id` = null,  `password` = '$2a$10$n923iDz3ezEbkszd2WLRw.tlZSBMsgAESyDjFpSP/YSDXpBwO7AWC', `last_ip` = '127.17.172.232', `creation_date` = 2025-02-06 22:34:03.413, `last_seen` = 2025-02-07 18:50:08.192, `email` = null, `discord` = null, `settings` = '{"settings":[{"value":"es","key":"language"}],"version":0}' WHERE `ai` = 2" (applied to [last_ip, last_seen, settings] columns)
[2025/02/07 18:50:08]: [nLogin] The user Prototypexyzx has successfully logged in.
[2025/02/07 18:59:09]: §3[nLogin] [DEBUG] [SQLite] [UPDATE]: "UPDATE `nlogin` SET `last_name` = 'Prototypexyzx', `unique_id` = aef9bafcd4de38b687650e1ea63fe1f7,  `mojang_id` = null,  `bedrock_id` = null,  `password` = '$2a$10$n923iDz3ezEbkszd2WLRw.tlZSBMsgAESyDjFpSP/YSDXpBwO7AWC', `last_ip` = '127.17.172.232', `creation_date` = 2025-02-06 22:34:03.413, `last_seen` = 2025-02-07 18:59:09.377, `email` = null, `discord` = null, `settings` = '{"settings":[{"value":"es","key":"language"}],"version":0}' WHERE `ai` = 2" (applied to [last_seen, settings] columns)
[2025/02/07 18:59:32]: §3[nLogin] [DEBUG] [SQLite] [UPDATE]: "UPDATE `nlogin` SET `last_name` = 'Prototypexyzx', `unique_id` = aef9bafcd4de38b687650e1ea63fe1f7,  `mojang_id` = null,  `bedrock_id` = null,  `password` = '$2a$10$n923iDz3ezEbkszd2WLRw.tlZSBMsgAESyDjFpSP/YSDXpBwO7AWC', `last_ip` = '127.17.172.232', `creation_date` = 2025-02-06 22:34:03.413, `last_seen` = 2025-02-07 18:59:32.464, `email` = null, `discord` = null, `settings` = '{"settings":[{"value":"es","key":"language"}],"version":0}' WHERE `ai` = 2" (applied to [last_ip, last_seen, settings] columns)
[2025/02/07 18:59:32]: [nLogin] The user Prototypexyzx has successfully logged in.
[2025/02/07 19:28:23]: §3[nLogin] [DEBUG] All settings were loaded in 4 ms.
[2025/02/07 19:28:23]: §3[nLogin] [DEBUG] Loading the messages_es.yml message file...
[2025/02/07 19:28:23]: §3[nLogin] [DEBUG] All plugin messages were loaded in 4 ms (languageByClient=false).
[2025/02/07 19:28:23]: §3[nLogin] [DEBUG] All proxy settings were loaded in 0 ms.
[2025/02/07 19:40:13]: [nLogin] Successful plugin core shutdown (took 0.00s)
