[2025/02/08 05:55:23]: §9          __             _       
[2025/02/08 05:55:23]: §9  _ __   / /  ___   __ _(_)_ __  
[2025/02/08 05:55:23]: §9 | '_ \ / /  / _ \ / _` | | '_ \ 
[2025/02/08 05:55:23]: §9 | | | / /__| (_) | (_| | | | | |
[2025/02/08 05:55:23]: §9 |_| |_\____/\___/ \__, |_|_| |_|
[2025/02/08 05:55:23]: §9                  |___/            
[2025/02/08 05:55:23]: §9 By: www.nickuc.com - V 10.4.21
[2025/02/08 05:55:23]: §9 
[2025/02/08 05:55:23]: §3[nLogin] [DEBUG] All settings were loaded in 74 ms.
[2025/02/08 05:55:23]: §3[nLogin] [DEBUG] Loading the messages_es.yml message file...
[2025/02/08 05:55:23]: §3[nLogin] [DEBUG] All plugin messages were loaded in 41 ms (languageByClient=false).
[2025/02/08 05:55:23]: §3[nLogin] [DEBUG] All proxy settings were loaded in 1 ms.
[2025/02/08 05:55:23]: §3[nLogin] [DEBUG] Loading database...
[2025/02/08 05:55:23]: §3[nLogin] [DEBUG] Starting logger filter...
[2025/02/08 05:57:12]: §3[nLogin] [DEBUG] [SQLite] [UPDATE]: "UPDATE `nlogin` SET `last_name` = 'Prototypexyzx', `unique_id` = aef9bafcd4de38b687650e1ea63fe1f7,  `mojang_id` = null,  `bedrock_id` = null,  `password` = '$2a$10$n923iDz3ezEbkszd2WLRw.tlZSBMsgAESyDjFpSP/YSDXpBwO7AWC', `last_ip` = '127.220.225.19', `creation_date` = 2025-02-06 22:34:03.413, `last_seen` = 2025-02-08 05:57:12.257, `email` = null, `discord` = null, `settings` = '{"settings":[{"value":"es","key":"language"}],"version":0}' WHERE `ai` = 2" (applied to [last_ip, last_seen, settings] columns)
[2025/02/08 05:57:12]: [nLogin] The user Prototypexyzx has successfully logged in.
[2025/02/08 05:59:13]: §3[nLogin] [DEBUG] The owellandry (127.76.248.177) player entered an incorrect password
[2025/02/08 05:59:36]: §3[nLogin] [DEBUG] [SQLite] [UPDATE]: "UPDATE `nlogin` SET `last_name` = 'owellandry', `unique_id` = ded01df0e363337583fb0e1074f5ac4f,  `mojang_id` = null,  `bedrock_id` = null,  `password` = '$2a$10$Mvsb7emc0eqICwVzZkwx7.atFg4bLUpFezYkQwjvU8pQF1wkFGrZa', `last_ip` = '127.76.248.177', `creation_date` = 2025-02-06 21:32:00.341, `last_seen` = 2025-02-08 05:59:36.742, `email` = null, `discord` = null, `settings` = '{"settings":[{"value":"es","key":"language"}],"version":0}' WHERE `ai` = 1" (applied to [last_ip, last_seen, settings] columns)
[2025/02/08 05:59:36]: [nLogin] The user owellandry has successfully logged in.
[2025/02/08 06:09:56]: [nLogin] Successful plugin core shutdown (took 0.00s)
