[2025/02/07 15:37:56]: §9          __             _       
[2025/02/07 15:37:56]: §9  _ __   / /  ___   __ _(_)_ __  
[2025/02/07 15:37:56]: §9 | '_ \ / /  / _ \ / _` | | '_ \ 
[2025/02/07 15:37:56]: §9 | | | / /__| (_) | (_| | | | | |
[2025/02/07 15:37:56]: §9 |_| |_\____/\___/ \__, |_|_| |_|
[2025/02/07 15:37:56]: §9                  |___/            
[2025/02/07 15:37:56]: §9 By: www.nickuc.com - V 10.4.21
[2025/02/07 15:37:56]: §9 
[2025/02/07 15:37:56]: §3[nLogin] [DEBUG] All settings were loaded in 115 ms.
[2025/02/07 15:37:56]: §3[nLogin] [DEBUG] Loading the messages_es.yml message file...
[2025/02/07 15:37:56]: §3[nLogin] [DEBUG] All plugin messages were loaded in 52 ms (languageByClient=false).
[2025/02/07 15:37:56]: §3[nLogin] [DEBUG] All proxy settings were loaded in 1 ms.
[2025/02/07 15:37:56]: §3[nLogin] [DEBUG] Loading database...
[2025/02/07 15:37:57]: §3[nLogin] [DEBUG] Starting logger filter...
[2025/02/07 15:50:01]: §3[nLogin] [DEBUG] [SQLite] [UPDATE]: "UPDATE `nlogin` SET `last_name` = 'owellandry', `unique_id` = ded01df0e363337583fb0e1074f5ac4f,  `mojang_id` = null,  `bedrock_id` = null,  `password` = '$2a$10$Mvsb7emc0eqICwVzZkwx7.atFg4bLUpFezYkQwjvU8pQF1wkFGrZa', `last_ip` = '127.76.248.177', `creation_date` = 2025-02-06 21:32:00.341, `last_seen` = 2025-02-07 15:50:01.038, `email` = null, `discord` = null, `settings` = '{"settings":[{"value":"es","key":"language"}],"version":0}' WHERE `ai` = 1" (applied to [last_ip, last_seen, settings] columns)
[2025/02/07 15:50:01]: [nLogin] The user owellandry has successfully logged in.
[2025/02/07 16:09:32]: §3[nLogin] [DEBUG] [SQLite] [UPDATE]: "UPDATE `nlogin` SET `last_name` = 'owellandry', `unique_id` = ded01df0e363337583fb0e1074f5ac4f,  `mojang_id` = null,  `bedrock_id` = null,  `password` = '$2a$10$Mvsb7emc0eqICwVzZkwx7.atFg4bLUpFezYkQwjvU8pQF1wkFGrZa', `last_ip` = '127.76.248.177', `creation_date` = 2025-02-06 21:32:00.341, `last_seen` = 2025-02-07 16:09:32.76, `email` = null, `discord` = null, `settings` = '{"settings":[{"value":"es","key":"language"}],"version":0}' WHERE `ai` = 1" (applied to [last_seen, settings] columns)
[2025/02/07 17:45:21]: §3[nLogin] [DEBUG] [SQLite] [UPDATE]: "INSERT INTO `nlogin` (`last_name`, `unique_id`, `mojang_id`, `bedrock_id`, `password`, `last_ip`, `creation_date`, `last_seen`, `email`, `discord`, `settings`) VALUES ('JOAzzco', 2c8750e2eda2384eb676d166a3712bce, null, null, '$2a$10$7mKydC.hDCYSivO/QI0jbe4g0SNDkzBJW073k9Sl5WNpFK/oyc5ju', '127.66.131.166', '2025-02-07 17:45:21.726', '2025-02-07 17:45:21.726', null, null, '{"settings":[{"value":true,"key":"force-invalid-session"}],"version":0}')" (applied to all columns)
[2025/02/07 17:45:21]: [nLogin] The user JOAzzco has successfully registered.
[2025/02/07 17:49:42]: §3[nLogin] [DEBUG] [SQLite] [UPDATE]: "UPDATE `nlogin` SET `last_name` = 'JOAzzco', `unique_id` = 2c8750e2eda2384eb676d166a3712bce,  `mojang_id` = null,  `bedrock_id` = null,  `password` = '$2a$10$7mKydC.hDCYSivO/QI0jbe4g0SNDkzBJW073k9Sl5WNpFK/oyc5ju', `last_ip` = '127.66.131.166', `creation_date` = 2025-02-07 17:45:21.726, `last_seen` = 2025-02-07 17:49:42.205, `email` = null, `discord` = null, `settings` = '{"settings":[{"value":true,"key":"force-invalid-session"},{"value":"es","key":"language"}],"version":0}' WHERE `ai` = 4" (applied to [last_seen, settings] columns)
[2025/02/07 18:21:10]: [nLogin] Successful plugin core shutdown (took 0.00s)
