[2025/02/11 09:09:41]: §9          __             _       
[2025/02/11 09:09:41]: §9  _ __   / /  ___   __ _(_)_ __  
[2025/02/11 09:09:41]: §9 | '_ \ / /  / _ \ / _` | | '_ \ 
[2025/02/11 09:09:41]: §9 | | | / /__| (_) | (_| | | | | |
[2025/02/11 09:09:41]: §9 |_| |_\____/\___/ \__, |_|_| |_|
[2025/02/11 09:09:41]: §9                  |___/            
[2025/02/11 09:09:41]: §9 By: www.nickuc.com - V 10.4.21
[2025/02/11 09:09:41]: §9 
[2025/02/11 09:09:41]: §3[nLogin] [DEBUG] All settings were loaded in 94 ms.
[2025/02/11 09:09:41]: §3[nLogin] [DEBUG] Loading the messages_es.yml message file...
[2025/02/11 09:09:41]: §3[nLogin] [DEBUG] All plugin messages were loaded in 55 ms (languageByClient=false).
[2025/02/11 09:09:41]: §3[nLogin] [DEBUG] All proxy settings were loaded in 2 ms.
[2025/02/11 09:09:41]: §3[nLogin] [DEBUG] Loading database...
[2025/02/11 09:09:41]: §3[nLogin] [DEBUG] Starting logger filter...
[2025/02/11 09:11:22]: §3[nLogin] [DEBUG] Forcing Prototypexyzx login...
[2025/02/11 09:11:22]: §3[nLogin] [DEBUG] The Prototypexyzx player had his account authenticated by CONSOLE.
[2025/02/11 09:11:22]: §3[nLogin] [DEBUG] [SQLite] [UPDATE]: "UPDATE `nlogin` SET `last_name` = 'Prototypexyzx', `unique_id` = aef9bafcd4de38b687650e1ea63fe1f7,  `mojang_id` = null,  `bedrock_id` = null,  `password` = '$2a$10$n923iDz3ezEbkszd2WLRw.tlZSBMsgAESyDjFpSP/YSDXpBwO7AWC', `last_ip` = '127.211.95.184', `creation_date` = 2025-02-06 22:34:03.413, `last_seen` = 2025-02-11 09:11:22.6, `email` = null, `discord` = null, `settings` = '{"settings":[{"value":"es","key":"language"}],"version":0}' WHERE `ai` = 2" (applied to [last_ip, last_seen, settings] columns)
[2025/02/11 09:11:22]: [nLogin] The user Prototypexyzx has successfully logged in.
[2025/02/11 09:28:03]: §3[nLogin] [DEBUG] [SQLite] [UPDATE]: "UPDATE `nlogin` SET `last_name` = 'owellandry', `unique_id` = ded01df0e363337583fb0e1074f5ac4f,  `mojang_id` = null,  `bedrock_id` = null,  `password` = '$2a$10$Mvsb7emc0eqICwVzZkwx7.atFg4bLUpFezYkQwjvU8pQF1wkFGrZa', `last_ip` = '127.76.248.177', `creation_date` = 2025-02-06 21:32:00.341, `last_seen` = 2025-02-11 09:28:03.094, `email` = null, `discord` = null, `settings` = '{"settings":[{"value":"es","key":"language"}],"version":0}' WHERE `ai` = 1" (applied to [last_ip, last_seen, settings] columns)
[2025/02/11 09:28:03]: [nLogin] The user owellandry has successfully logged in.
[2025/02/11 09:40:24]: §3[nLogin] [DEBUG] [SQLite] [UPDATE]: "UPDATE `nlogin` SET `last_name` = 'Prototypexyzx', `unique_id` = aef9bafcd4de38b687650e1ea63fe1f7,  `mojang_id` = null,  `bedrock_id` = null,  `password` = '$2a$10$n923iDz3ezEbkszd2WLRw.tlZSBMsgAESyDjFpSP/YSDXpBwO7AWC', `last_ip` = '127.211.95.184', `creation_date` = 2025-02-06 22:34:03.413, `last_seen` = 2025-02-11 09:40:24.446, `email` = null, `discord` = null, `settings` = '{"settings":[{"value":"es","key":"language"}],"version":0}' WHERE `ai` = 2" (applied to [last_seen, settings] columns)
