[2025/02/08 08:23:33]: §9          __             _       
[2025/02/08 08:23:33]: §9  _ __   / /  ___   __ _(_)_ __  
[2025/02/08 08:23:33]: §9 | '_ \ / /  / _ \ / _` | | '_ \ 
[2025/02/08 08:23:33]: §9 | | | / /__| (_) | (_| | | | | |
[2025/02/08 08:23:33]: §9 |_| |_\____/\___/ \__, |_|_| |_|
[2025/02/08 08:23:33]: §9                  |___/            
[2025/02/08 08:23:33]: §9 By: www.nickuc.com - V 10.4.21
[2025/02/08 08:23:33]: §9 
[2025/02/08 08:23:34]: §3[nLogin] [DEBUG] All settings were loaded in 88 ms.
[2025/02/08 08:23:34]: §3[nLogin] [DEBUG] Loading the messages_es.yml message file...
[2025/02/08 08:23:34]: §3[nLogin] [DEBUG] All plugin messages were loaded in 54 ms (languageByClient=false).
[2025/02/08 08:23:34]: §3[nLogin] [DEBUG] All proxy settings were loaded in 2 ms.
[2025/02/08 08:23:34]: §3[nLogin] [DEBUG] Loading database...
[2025/02/08 08:23:34]: §3[nLogin] [DEBUG] Starting logger filter...
[2025/02/08 08:24:22]: §3[nLogin] [DEBUG] [SQLite] [UPDATE]: "UPDATE `nlogin` SET `last_name` = 'owellandry', `unique_id` = ded01df0e363337583fb0e1074f5ac4f,  `mojang_id` = null,  `bedrock_id` = null,  `password` = '$2a$10$Mvsb7emc0eqICwVzZkwx7.atFg4bLUpFezYkQwjvU8pQF1wkFGrZa', `last_ip` = '127.76.248.177', `creation_date` = 2025-02-06 21:32:00.341, `last_seen` = 2025-02-08 08:24:22.541, `email` = null, `discord` = null, `settings` = '{"settings":[{"value":"es","key":"language"}],"version":0}' WHERE `ai` = 1" (applied to [last_ip, last_seen, settings] columns)
[2025/02/08 08:24:22]: [nLogin] The user owellandry has successfully logged in.
[2025/02/08 08:29:49]: §3[nLogin] [DEBUG] [SQLite] [UPDATE]: "UPDATE `nlogin` SET `last_name` = 'owellandry', `unique_id` = ded01df0e363337583fb0e1074f5ac4f,  `mojang_id` = null,  `bedrock_id` = null,  `password` = '$2a$10$Mvsb7emc0eqICwVzZkwx7.atFg4bLUpFezYkQwjvU8pQF1wkFGrZa', `last_ip` = '127.76.248.177', `creation_date` = 2025-02-06 21:32:00.341, `last_seen` = 2025-02-08 08:29:49.699, `email` = null, `discord` = null, `settings` = '{"settings":[{"value":"es","key":"language"}],"version":0}' WHERE `ai` = 1" (applied to [last_seen, settings] columns)
[2025/02/08 08:30:57]: §3[nLogin] [DEBUG] [SQLite] [UPDATE]: "UPDATE `nlogin` SET `last_name` = 'owellandry', `unique_id` = ded01df0e363337583fb0e1074f5ac4f,  `mojang_id` = null,  `bedrock_id` = null,  `password` = '$2a$10$Mvsb7emc0eqICwVzZkwx7.atFg4bLUpFezYkQwjvU8pQF1wkFGrZa', `last_ip` = '127.76.248.177', `creation_date` = 2025-02-06 21:32:00.341, `last_seen` = 2025-02-08 08:30:57.167, `email` = null, `discord` = null, `settings` = '{"settings":[{"value":"es","key":"language"}],"version":0}' WHERE `ai` = 1" (applied to [last_ip, last_seen, settings] columns)
[2025/02/08 08:30:57]: [nLogin] The user owellandry has successfully logged in.
[2025/02/08 08:39:31]: §3[nLogin] [DEBUG] [SQLite] [UPDATE]: "UPDATE `nlogin` SET `last_name` = 'owellandry', `unique_id` = ded01df0e363337583fb0e1074f5ac4f,  `mojang_id` = null,  `bedrock_id` = null,  `password` = '$2a$10$Mvsb7emc0eqICwVzZkwx7.atFg4bLUpFezYkQwjvU8pQF1wkFGrZa', `last_ip` = '127.76.248.177', `creation_date` = 2025-02-06 21:32:00.341, `last_seen` = 2025-02-08 08:39:31.544, `email` = null, `discord` = null, `settings` = '{"settings":[{"value":"es","key":"language"}],"version":0}' WHERE `ai` = 1" (applied to [last_seen, settings] columns)
[2025/02/08 09:15:34]: [nLogin] Successful plugin core shutdown (took 0.00s)
