[2025/02/07 20:23:46]: §9          __             _       
[2025/02/07 20:23:46]: §9  _ __   / /  ___   __ _(_)_ __  
[2025/02/07 20:23:46]: §9 | '_ \ / /  / _ \ / _` | | '_ \ 
[2025/02/07 20:23:46]: §9 | | | / /__| (_) | (_| | | | | |
[2025/02/07 20:23:46]: §9 |_| |_\____/\___/ \__, |_|_| |_|
[2025/02/07 20:23:46]: §9                  |___/            
[2025/02/07 20:23:46]: §9 By: www.nickuc.com - V 10.4.21
[2025/02/07 20:23:46]: §9 
[2025/02/07 20:23:47]: §3[nLogin] [DEBUG] All settings were loaded in 104 ms.
[2025/02/07 20:23:47]: §3[nLogin] [DEBUG] Loading the messages_es.yml message file...
[2025/02/07 20:23:47]: §3[nLogin] [DEBUG] All plugin messages were loaded in 56 ms (languageByClient=false).
[2025/02/07 20:23:47]: §3[nLogin] [DEBUG] All proxy settings were loaded in 2 ms.
[2025/02/07 20:23:47]: §3[nLogin] [DEBUG] Loading database...
[2025/02/07 20:23:47]: §3[nLogin] [DEBUG] Starting logger filter...
[2025/02/07 20:27:06]: §3[nLogin] [DEBUG] [SQLite] [UPDATE]: "UPDATE `nlogin` SET `last_name` = 'Prototypexyzx', `unique_id` = aef9bafcd4de38b687650e1ea63fe1f7,  `mojang_id` = null,  `bedrock_id` = null,  `password` = '$2a$10$n923iDz3ezEbkszd2WLRw.tlZSBMsgAESyDjFpSP/YSDXpBwO7AWC', `last_ip` = '127.17.172.232', `creation_date` = 2025-02-06 22:34:03.413, `last_seen` = 2025-02-07 20:27:06.025, `email` = null, `discord` = null, `settings` = '{"settings":[{"value":"es","key":"language"}],"version":0}' WHERE `ai` = 2" (applied to [last_ip, last_seen, settings] columns)
[2025/02/07 20:27:06]: [nLogin] The user Prototypexyzx has successfully logged in.
[2025/02/07 20:35:26]: §3[nLogin] [DEBUG] Forcing xXObitoXx login...
[2025/02/07 20:35:26]: §3[nLogin] [DEBUG] The xXObitoXx player had his account authenticated by CONSOLE.
[2025/02/07 20:35:26]: §3[nLogin] [DEBUG] [SQLite] [UPDATE]: "UPDATE `nlogin` SET `last_name` = 'xXObitoXx', `unique_id` = 4a18bdc1cc6b3c8180e28aab8f201cf8,  `mojang_id` = null,  `bedrock_id` = null,  `password` = '$2a$10$imZe2r/59H01plFOKo/l7eyDhF3rnZE/l8FkylKIG5Q4RKkDFuqHi', `last_ip` = '127.17.172.232', `creation_date` = 2025-02-07 05:16:31.943, `last_seen` = 2025-02-07 20:35:26.981, `email` = null, `discord` = null, `settings` = null WHERE `ai` = 3" (applied to [last_ip, last_seen, settings] columns)
[2025/02/07 20:35:26]: [nLogin] The user xXObitoXx has successfully logged in.
[2025/02/07 22:33:01]: §3[nLogin] [DEBUG] [SQLite] [UPDATE]: "UPDATE `nlogin` SET `last_name` = 'Prototypexyzx', `unique_id` = aef9bafcd4de38b687650e1ea63fe1f7,  `mojang_id` = null,  `bedrock_id` = null,  `password` = '$2a$10$n923iDz3ezEbkszd2WLRw.tlZSBMsgAESyDjFpSP/YSDXpBwO7AWC', `last_ip` = '127.17.172.232', `creation_date` = 2025-02-06 22:34:03.413, `last_seen` = 2025-02-07 22:33:01.628, `email` = null, `discord` = null, `settings` = '{"settings":[{"value":"es","key":"language"}],"version":0}' WHERE `ai` = 2" (applied to [last_seen, settings] columns)
[2025/02/07 22:33:01]: §3[nLogin] [DEBUG] [SQLite] [UPDATE]: "UPDATE `nlogin` SET `last_name` = 'xXObitoXx', `unique_id` = 4a18bdc1cc6b3c8180e28aab8f201cf8,  `mojang_id` = null,  `bedrock_id` = null,  `password` = '$2a$10$imZe2r/59H01plFOKo/l7eyDhF3rnZE/l8FkylKIG5Q4RKkDFuqHi', `last_ip` = '127.17.172.232', `creation_date` = 2025-02-07 05:16:31.943, `last_seen` = 2025-02-07 22:33:01.641, `email` = null, `discord` = null, `settings` = '{"settings":[{"value":"es","key":"language"}],"version":0}' WHERE `ai` = 3" (applied to [last_seen, settings] columns)
