[2025/02/07 15:19:44]: §9          __             _       
[2025/02/07 15:19:44]: §9  _ __   / /  ___   __ _(_)_ __  
[2025/02/07 15:19:44]: §9 | '_ \ / /  / _ \ / _` | | '_ \ 
[2025/02/07 15:19:44]: §9 | | | / /__| (_) | (_| | | | | |
[2025/02/07 15:19:44]: §9 |_| |_\____/\___/ \__, |_|_| |_|
[2025/02/07 15:19:44]: §9                  |___/            
[2025/02/07 15:19:44]: §9 By: www.nickuc.com - V 10.4.21
[2025/02/07 15:19:44]: §9 
[2025/02/07 15:19:44]: §3[nLogin] [DEBUG] All settings were loaded in 77 ms.
[2025/02/07 15:19:44]: §4[nLogin] [ERROR] §cCannot load plugins/nLogin/lang/messages_es.yml config file, aborting load
org.bukkit.configuration.InvalidConfigurationException: while scanning a simple key
 in 'reader', line 27, column 1:
    <<<<<<< HEAD
    ^
could not find expected ':'
 in 'reader', line 28, column 1:
      login: '&#8addff .'
    ^

	at org.bukkit.configuration.file.YamlConfiguration.loadFromString(YamlConfiguration.java:112)
	at org.bukkit.configuration.file.FileConfiguration.load(FileConfiguration.java:160)
	at com.nickuc.login.ξνΩρΛγβψεζεςΠκ.a(:108)
	at com.nickuc.login.ΠζΣΨαΩψοηιηΓΓ.X(:112)
	at com.nickuc.login.ΠζΣΨαΩψοηιηΓΓ.<init>(:64)
	at com.nickuc.login.ΠζΣΨαΩψοηιηΓΓ.<init>(:58)
	at com.nickuc.login.ΦτχπδσρχΓΨω.<init>(:887)
	at com.nickuc.login.ΦτχπδσρχΓΨω.<init>(:876)
	at com.nickuc.login.βυπΓσεμη.a(:141)
	at com.nickuc.login.βυπΓσεμη.g(:131)
	at com.nickuc.login.ΛπψζΩΣΓωΛΣδΓκΦχ.a(:699)
	at com.nickuc.login.ψΓςλνΣΠπεοψγΩσπ.b(:30)
	at com.nickuc.login.ςνΛωΠθρπυΣμκΓΩο.e(:89)
	at com.nickuc.login.ΔοΠΓλψγβςοΦ.h(:124)
	at com.nickuc.login.τφθχΔαΣγτφς.h(:71)
	at com.nickuc.login.bukkit.nLoginBukkit.h(:59)
	at com.nickuc.login.φξγΦηχθοςι.h(:69)
	at com.nickuc.login.γντωΩλβκν.ap(:293)
	at com.nickuc.login.τφθχΔαΣγτφς.enable(:49)
	at nLogin.jar//com.nickuc.login.loader.platform.BukkitLoader.onEnable(BukkitLoader.java:32)
	at org.bukkit.plugin.java.JavaPlugin.setEnabled(JavaPlugin.java:284)
	at io.papermc.paper.plugin.manager.PaperPluginInstanceManager.enablePlugin(PaperPluginInstanceManager.java:202)
	at io.papermc.paper.plugin.manager.PaperPluginManagerImpl.enablePlugin(PaperPluginManagerImpl.java:109)
	at org.bukkit.plugin.SimplePluginManager.enablePlugin(SimplePluginManager.java:520)
	at org.bukkit.craftbukkit.CraftServer.enablePlugin(CraftServer.java:656)
	at org.bukkit.craftbukkit.CraftServer.enablePlugins(CraftServer.java:605)
	at net.minecraft.server.dedicated.DedicatedServer.initServer(DedicatedServer.java:278)
	at net.minecraft.server.MinecraftServer.runServer(MinecraftServer.java:1163)
	at net.minecraft.server.MinecraftServer.lambda$spin$2(MinecraftServer.java:310)
	at java.base/java.lang.Thread.run(Thread.java:1583)
Caused by: while scanning a simple key
 in 'reader', line 27, column 1:
    <<<<<<< HEAD
    ^
could not find expected ':'
 in 'reader', line 28, column 1:
      login: '&#8addff .'
    ^

	at org.yaml.snakeyaml.scanner.ScannerImpl.stalePossibleSimpleKeys(ScannerImpl.java:502)
	at org.yaml.snakeyaml.scanner.ScannerImpl.needMoreTokens(ScannerImpl.java:307)
	at org.yaml.snakeyaml.scanner.ScannerImpl.checkToken(ScannerImpl.java:237)
	at org.yaml.snakeyaml.parser.ParserImpl$ParseBlockMappingValue.produce(ParserImpl.java:669)
	at org.yaml.snakeyaml.parser.ParserImpl.peekEvent(ParserImpl.java:161)
	at org.yaml.snakeyaml.comments.CommentEventsCollector$1.peek(CommentEventsCollector.java:57)
	at org.yaml.snakeyaml.comments.CommentEventsCollector$1.peek(CommentEventsCollector.java:43)
	at org.yaml.snakeyaml.comments.CommentEventsCollector.collectEvents(CommentEventsCollector.java:136)
	at org.yaml.snakeyaml.comments.CommentEventsCollector.collectEvents(CommentEventsCollector.java:116)
	at org.yaml.snakeyaml.composer.Composer.composeScalarNode(Composer.java:241)
	at org.yaml.snakeyaml.composer.Composer.composeNode(Composer.java:205)
	at org.yaml.snakeyaml.composer.Composer.composeKeyNode(Composer.java:359)
	at org.yaml.snakeyaml.composer.Composer.composeMappingChildren(Composer.java:344)
	at org.yaml.snakeyaml.composer.Composer.composeMappingNode(Composer.java:323)
	at org.yaml.snakeyaml.composer.Composer.composeNode(Composer.java:209)
	at org.yaml.snakeyaml.composer.Composer.getNode(Composer.java:131)
	at org.yaml.snakeyaml.composer.Composer.getSingleNode(Composer.java:157)
	at org.yaml.snakeyaml.Yaml.compose(Yaml.java:575)
	at org.bukkit.configuration.file.YamlConfiguration.loadFromString(YamlConfiguration.java:105)
	... 29 more
[2025/02/07 15:19:44]: §3[nLogin] [DEBUG] Loading the messages_es.yml message file...
[2025/02/07 15:19:44]: §3[nLogin] [DEBUG] All plugin messages were loaded in 43 ms (languageByClient=false).
[2025/02/07 15:19:44]: §3[nLogin] [DEBUG] All proxy settings were loaded in 2 ms.
[2025/02/07 15:19:44]: §3[nLogin] [DEBUG] Loading database...
[2025/02/07 15:19:45]: §3[nLogin] [DEBUG] Starting logger filter...
[2025/02/07 15:20:48]: [nLogin] Successful plugin core shutdown (took 0.00s)
